[2025-09-24 21:26:21] lightSensor: 1552
[2025-09-24 21:26:21] lightSensor: 2386
[2025-09-24 21:26:21] LightStatus: TurnOff
[2025-09-24 21:26:21] lightSensor: 2692
[2025-09-24 21:26:22] lightSensor: 2704
[2025-09-24 21:26:28] lightSensor: 2736
[2025-09-24 21:26:31] lightSensor: 2546
[2025-09-24 21:26:31] lightSensor: 2048
[2025-09-24 21:26:31] lightSensor: 1746
[2025-09-24 21:26:31] LightStatus: TurnOn
[2025-09-24 21:26:31] lightSensor: 1638
[2025-09-24 21:26:32] lightSensor: 1536
[2025-09-24 21:26:32] lightSensor: 2064
[2025-09-24 21:26:32] LightStatus: TurnOff
[2025-09-24 21:26:32] lightSensor: 2468
[2025-09-24 21:26:32] lightSensor: 2583
[2025-09-24 21:26:32] lightSensor: 2410
[2025-09-24 21:26:32] lightSensor: 2099
[2025-09-24 21:26:32] lightSensor: 1831
[2025-09-24 21:26:32] LightStatus: TurnOn
[2025-09-24 21:26:32] lightSensor: 1640
[2025-09-24 21:26:33] lightSensor: 1480
[2025-09-24 21:26:33] lightSensor: 1446
[2025-09-24 21:26:33] lightSensor: 1483
[2025-09-24 21:26:33] lightSensor: 1931
[2025-09-24 21:26:33] lightSensor: 2238
[2025-09-24 21:26:33] LightStatus: TurnOff
[2025-09-24 21:26:34] lightSensor: 2505
[2025-09-24 21:26:34] lightSensor: 2624
[2025-09-24 21:26:34] lightSensor: 2689
[2025-09-24 21:26:34] lightSensor: 2724
[2025-09-24 21:26:38] Status/RaspberryPiC: offline
[2025-09-24 21:27:06] lightSensor: 2672
[2025-09-24 21:27:06] lightSensor: 2632
[2025-09-24 21:27:06] lightSensor: 2514
[2025-09-24 21:27:07] lightSensor: 2419
[2025-09-24 21:27:07] lightSensor: 2388
[2025-09-24 21:27:07] lightSensor: 2442
[2025-09-24 21:27:07] lightSensor: 2537
[2025-09-24 21:27:07] lightSensor: 2644
[2025-09-24 21:27:07] lightSensor: 2693
[2025-09-24 21:27:07] lightSensor: 2696
[2025-09-24 21:27:08] lightSensor: 2732
[2025-09-24 21:27:13] lightSensor: 2701
[2025-09-24 21:27:13] lightSensor: 2604
[2025-09-24 21:27:14] lightSensor: 2527
[2025-09-24 21:27:14] lightSensor: 2477
[2025-09-24 21:27:14] lightSensor: 2334
[2025-09-24 21:27:14] lightSensor: 2448
[2025-09-24 21:27:14] lightSensor: 2591
[2025-09-24 21:27:14] lightSensor: 2649
[2025-09-24 21:27:14] lightSensor: 2695
[2025-09-24 21:27:16] lightSensor: 2727
[2025-09-24 21:29:30] Status/RaspberryPiA: offline
[2025-09-24 21:30:32] Status/RaspberryPiA: online
[2025-09-24 21:30:32] lightSensor: 2725
[2025-09-24 21:30:32] threshold: 2013
[2025-09-24 21:30:55] Status/RaspberryPiA: offline
[2025-09-24 21:30:58] Status/RaspberryPiA: online
[2025-09-24 21:30:58] lightSensor: 2726
[2025-09-24 21:30:58] threshold: 2014
[2025-09-24 21:31:20] lightSensor: 2689
[2025-09-24 21:31:21] lightSensor: 2658
[2025-09-24 21:31:24] lightSensor: 2510
[2025-09-24 21:31:24] lightSensor: 2706
[2025-09-24 21:32:58] Status/RaspberryPiA: offline
[2025-09-24 21:35:06] Status/RaspberryPiA: online
[2025-09-24 21:35:06] lightSensor: 2716
[2025-09-24 21:35:06] threshold: 2014
[2025-09-24 21:36:40] Status/RaspberryPiA: offline
[2025-09-24 21:37:37] lightSensor: 2683
[2025-09-24 21:37:37] lightSensor: 2684
[2025-09-24 21:37:38] lightSensor: 2717
[2025-09-24 21:39:34] Status/RaspberryPiA: offline
[2025-09-24 21:39:39] Status/RaspberryPiA: online
[2025-09-24 21:39:39] lightSensor: 2724
[2025-09-24 21:39:39] threshold: 2006
[2025-09-24 21:40:10] Status/RaspberryPiA: offline
[2025-09-24 21:41:49] Status/RaspberryPiA: offline
[2025-09-24 21:41:58] lightSensor: 2712
[2025-09-24 21:41:58] threshold: 2009
[2025-09-24 21:41:58] Status/RaspberryPiA: online
[2025-09-24 21:42:16] Status/RaspberryPiA: offline
[2025-09-24 21:42:28] Status/RaspberryPiA: online
[2025-09-24 21:45:08] Status/RaspberryPiA: offline
[2025-09-24 21:46:55] Status/RaspberryPiC: online
[2025-09-24 21:46:55] LightStatus: TurnOff
[2025-09-24 21:47:33] Status/RaspberryPiC: offline
[2025-09-24 21:50:34] lightSensor: 2713
[2025-09-24 21:50:34] threshold: 2014
[2025-09-24 21:50:34] Status/RaspberryPiA: online
[2025-09-24 21:50:42] Status/RaspberryPiC: online
[2025-09-24 21:50:42] LightStatus: TurnOff
[2025-09-24 21:51:13] lightSensor: 2500
[2025-09-24 21:51:13] lightSensor: 1556
[2025-09-24 21:51:13] LightStatus: TurnOn
[2025-09-24 21:51:13] lightSensor: 1392
[2025-09-24 21:51:13] lightSensor: 1312
[2025-09-24 21:51:13] lightSensor: 1166
[2025-09-24 21:51:13] lightSensor: 1121
[2025-09-24 21:51:13] lightSensor: 674
[2025-09-24 21:51:14] lightSensor: 519
[2025-09-24 21:51:14] lightSensor: 474
[2025-09-24 21:51:14] lightSensor: 473
[2025-09-24 21:51:14] lightSensor: 1062
[2025-09-24 21:51:15] lightSensor: 1682
[2025-09-24 21:51:15] lightSensor: 2443
[2025-09-24 21:51:15] LightStatus: TurnOff
[2025-09-24 21:51:15] lightSensor: 2568
[2025-09-24 21:51:15] lightSensor: 2597
[2025-09-24 21:51:15] lightSensor: 2620
[2025-09-24 21:51:15] lightSensor: 2656
[2025-09-24 21:51:16] lightSensor: 2688
[2025-09-24 21:51:36] lightSensor: 2503
[2025-09-24 21:51:36] lightSensor: 2149
[2025-09-24 21:51:36] lightSensor: 1904
[2025-09-24 21:51:36] lightSensor: 1880
[2025-09-24 21:51:36] LightStatus: TurnOn
[2025-09-24 21:51:36] lightSensor: 1614
[2025-09-24 21:51:36] lightSensor: 1469
[2025-09-24 21:51:37] lightSensor: 1600
[2025-09-24 21:51:37] lightSensor: 1711
[2025-09-24 21:51:37] lightSensor: 1749
[2025-09-24 21:51:37] lightSensor: 1804
[2025-09-24 21:51:37] lightSensor: 1847
[2025-09-24 21:51:38] lightSensor: 1902
[2025-09-24 21:51:38] lightSensor: 1808
[2025-09-24 21:51:38] lightSensor: 1772
[2025-09-24 21:51:38] lightSensor: 1823
[2025-09-24 21:51:38] lightSensor: 1856
[2025-09-24 21:51:39] lightSensor: 1814
[2025-09-24 21:51:39] lightSensor: 1776
[2025-09-24 21:51:39] lightSensor: 1736
[2025-09-24 21:51:40] threshold: 1983
[2025-09-24 21:51:40] lightSensor: 1696
[2025-09-24 21:51:40] threshold: 1868
[2025-09-24 21:51:40] lightSensor: 1647
[2025-09-24 21:51:40] threshold: 1803
[2025-09-24 21:51:40] threshold: 1733
[2025-09-24 21:51:40] lightSensor: 1607
[2025-09-24 21:51:40] threshold: 1591
[2025-09-24 21:51:40] LightStatus: TurnOff
[2025-09-24 21:51:40] threshold: 1524
[2025-09-24 21:51:41] lightSensor: 1571
[2025-09-24 21:51:41] threshold: 1423
[2025-09-24 21:51:41] threshold: 1284
[2025-09-24 21:51:41] threshold: 1245
[2025-09-24 21:51:41] lightSensor: 1609
[2025-09-24 21:51:41] lightSensor: 1644
[2025-09-24 21:51:41] lightSensor: 1697
[2025-09-24 21:51:42] lightSensor: 2067
[2025-09-24 21:51:42] lightSensor: 2643
[2025-09-24 21:51:42] lightSensor: 2675
[2025-09-24 21:51:42] lightSensor: 2696
[2025-09-24 21:53:16] Status/RaspberryPiC: offline
[2025-09-24 21:53:18] Status/RaspberryPiA: offline
[2025-09-25 10:46:58] Status/RaspberryPiA: offline
[2025-09-25 10:46:58] Status/RaspberryPiC: offline
[2025-09-25 10:46:58] lightSensor: 2696
[2025-09-25 10:46:58] threshold: 1245
[2025-09-25 10:46:58] LightStatus: TurnOff
[2025-09-25 11:23:46] Status/RaspberryPiA: offline
[2025-09-25 11:23:46] Status/RaspberryPiC: offline
[2025-09-25 11:23:46] lightSensor: 2696
[2025-09-25 11:23:46] threshold: 1245
[2025-09-25 11:23:46] LightStatus: TurnOff
[2025-09-25 11:24:01] Status/RaspberryPiA: online
[2025-09-25 11:24:01] lightSensor: 0
[2025-09-25 11:24:01] threshold: 0
[2025-09-25 11:24:10] Status/RaspberryPiA: offline
[2025-09-25 11:24:43] lightSensor: 2052
[2025-09-25 11:24:43] threshold: 1251
[2025-09-25 11:24:43] Status/RaspberryPiA: online
[2025-09-25 11:24:47] lightSensor: 1416
[2025-09-25 11:24:47] lightSensor: 1194
[2025-09-25 11:24:48] lightSensor: 1180
[2025-09-25 11:24:48] lightSensor: 1555
[2025-09-25 11:24:48] lightSensor: 1875
[2025-09-25 11:24:48] lightSensor: 1892
[2025-09-25 11:24:48] lightSensor: 1903
[2025-09-25 11:24:48] lightSensor: 1504
[2025-09-25 11:24:48] lightSensor: 1280
[2025-09-25 11:24:48] lightSensor: 1190
[2025-09-25 11:24:48] lightSensor: 1415
[2025-09-25 11:24:48] lightSensor: 2017
[2025-09-25 11:24:49] lightSensor: 2041
[2025-09-25 11:24:49] lightSensor: 2048
[2025-09-25 11:25:02] Status/RaspberryPiC: online
[2025-09-25 11:25:02] LightStatus: TurnOff
[2025-09-25 11:25:04] lightSensor: 1997
[2025-09-25 11:25:04] lightSensor: 1947
[2025-09-25 11:25:04] lightSensor: 1914
[2025-09-25 11:25:04] lightSensor: 1834
[2025-09-25 11:25:04] lightSensor: 1763
[2025-09-25 11:25:04] lightSensor: 1859
[2025-09-25 11:25:04] lightSensor: 1812
[2025-09-25 11:25:05] lightSensor: 1880
[2025-09-25 11:25:05] lightSensor: 1690
[2025-09-25 11:25:05] lightSensor: 1618
[2025-09-25 11:25:05] lightSensor: 1337
[2025-09-25 11:25:05] lightSensor: 1052
[2025-09-25 11:25:05] LightStatus: TurnOn
[2025-09-25 11:25:05] lightSensor: 717
[2025-09-25 11:25:05] lightSensor: 607
[2025-09-25 11:25:05] lightSensor: 395
[2025-09-25 11:25:05] lightSensor: 344
[2025-09-25 11:25:06] lightSensor: 313
[2025-09-25 11:25:06] lightSensor: 433
[2025-09-25 11:25:06] lightSensor: 912
[2025-09-25 11:25:06] lightSensor: 1253
[2025-09-25 11:25:06] LightStatus: TurnOff
[2025-09-25 11:25:06] lightSensor: 1496
[2025-09-25 11:25:06] lightSensor: 1694
[2025-09-25 11:25:06] lightSensor: 1811
[2025-09-25 11:25:07] lightSensor: 1855
[2025-09-25 11:25:07] lightSensor: 1885
[2025-09-25 11:25:07] lightSensor: 1925
[2025-09-25 11:25:07] lightSensor: 1964
[2025-09-25 11:25:08] lightSensor: 1995
[2025-09-25 11:25:10] lightSensor: 1902
[2025-09-25 11:25:10] lightSensor: 1549
[2025-09-25 11:25:10] lightSensor: 1293
[2025-09-25 11:25:10] lightSensor: 1258
[2025-09-25 11:25:10] lightSensor: 1187
[2025-09-25 11:25:10] LightStatus: TurnOn
[2025-09-25 11:25:10] lightSensor: 1201
[2025-09-25 11:25:10] lightSensor: 1293
[2025-09-25 11:25:10] lightSensor: 1335
[2025-09-25 11:25:10] LightStatus: TurnOff
[2025-09-25 11:25:10] lightSensor: 1299
[2025-09-25 11:25:10] lightSensor: 1157
[2025-09-25 11:25:10] lightSensor: 1032
[2025-09-25 11:25:10] LightStatus: TurnOn
[2025-09-25 11:25:10] lightSensor: 1066
[2025-09-25 11:25:11] lightSensor: 1101
[2025-09-25 11:25:11] lightSensor: 1059
[2025-09-25 11:25:11] lightSensor: 1090
[2025-09-25 11:25:11] lightSensor: 1627
[2025-09-25 11:25:11] LightStatus: TurnOff
[2025-09-25 11:25:11] lightSensor: 2001
[2025-09-25 11:25:11] lightSensor: 2039
[2025-09-25 11:25:11] lightSensor: 2056
[2025-09-25 11:25:11] lightSensor: 2060
[2025-09-25 11:25:24] Status/RaspberryPiC: offline
[2025-09-25 11:25:31] lightSensor: 1939
[2025-09-25 11:25:31] Status/RaspberryPiA: offline
[2025-09-25 11:27:27] lightSensor: 2048
[2025-09-25 11:27:27] threshold: 1250
[2025-09-25 11:27:27] Status/RaspberryPiA: online
[2025-09-25 11:27:34] Status/RaspberryPiA: offline
[2025-09-25 11:27:39] lightSensor: 2055
[2025-09-25 11:27:39] threshold: 1248
[2025-09-25 11:27:39] Status/RaspberryPiA: online
[2025-09-25 11:27:53] Status/RaspberryPiA: offline
[2025-09-25 11:28:09] Status/RaspberryPiA: online
[2025-09-25 11:28:14] lightSensor: 2021
[2025-09-25 11:28:20] lightSensor: 2052
[2025-09-25 11:28:41] Status/RaspberryPiC: online
[2025-09-25 11:28:41] LightStatus: TurnOff
[2025-09-25 11:28:57] Status/RaspberryPiA: offline
[2025-09-25 11:29:03] Status/RaspberryPiC: offline
[2025-09-25 11:29:15] Status/RaspberryPiA: online
[2025-09-25 11:29:16] Status/RaspberryPiC: online
[2025-09-25 11:29:33] lightSensor: 1768
[2025-09-25 11:29:33] lightSensor: 1304
[2025-09-25 11:29:33] lightSensor: 1391
[2025-09-25 11:29:33] lightSensor: 1974
[2025-09-25 11:29:33] lightSensor: 2016
[2025-09-25 11:29:34] lightSensor: 2015
[2025-09-25 11:29:34] lightSensor: 1969
[2025-09-25 11:29:34] lightSensor: 2009
[2025-09-25 11:29:34] lightSensor: 2016
[2025-09-25 11:29:35] lightSensor: 1935
[2025-09-25 11:29:35] lightSensor: 2007
[2025-09-25 11:29:36] lightSensor: 1907
[2025-09-25 11:29:36] lightSensor: 1983
[2025-09-25 11:29:36] lightSensor: 2029
[2025-09-25 11:29:36] lightSensor: 2032
[2025-09-25 11:29:37] lightSensor: 1366
[2025-09-25 11:29:37] lightSensor: 1148
[2025-09-25 11:29:37] lightSensor: 1086
[2025-09-25 11:29:37] LightStatus: TurnOn
[2025-09-25 11:29:37] lightSensor: 1054
[2025-09-25 11:29:37] lightSensor: 1033
[2025-09-25 11:29:37] lightSensor: 1008
[2025-09-25 11:29:37] lightSensor: 885
[2025-09-25 11:29:37] lightSensor: 1107
[2025-09-25 11:29:37] lightSensor: 1124
[2025-09-25 11:29:38] lightSensor: 592
[2025-09-25 11:29:38] lightSensor: 450
[2025-09-25 11:29:38] lightSensor: 514
[2025-09-25 11:29:38] lightSensor: 463
[2025-09-25 11:29:38] lightSensor: 309
[2025-09-25 11:29:38] lightSensor: 274
[2025-09-25 11:29:40] lightSensor: 499
[2025-09-25 11:29:40] lightSensor: 1037
[2025-09-25 11:29:40] lightSensor: 1160
[2025-09-25 11:29:40] lightSensor: 1344
[2025-09-25 11:29:41] lightSensor: 1483
[2025-09-25 11:29:41] LightStatus: TurnOff
[2025-09-25 11:29:41] lightSensor: 1537
[2025-09-25 11:29:41] lightSensor: 1461
[2025-09-25 11:29:41] lightSensor: 1767
[2025-09-25 11:29:41] lightSensor: 1813
[2025-09-25 11:29:41] lightSensor: 1852
[2025-09-25 11:29:41] lightSensor: 1858
[2025-09-25 11:29:42] lightSensor: 1894
[2025-09-25 11:29:42] lightSensor: 1897
[2025-09-25 11:29:43] lightSensor: 1928
[2025-09-25 11:29:43] lightSensor: 1773
[2025-09-25 11:29:43] lightSensor: 1268
[2025-09-25 11:29:43] lightSensor: 1168
[2025-09-25 11:29:43] LightStatus: TurnOn
[2025-09-25 11:29:43] lightSensor: 1123
[2025-09-25 11:29:43] lightSensor: 1092
[2025-09-25 11:29:43] lightSensor: 1068
[2025-09-25 11:29:44] lightSensor: 908
[2025-09-25 11:29:44] lightSensor: 784
[2025-09-25 11:29:45] lightSensor: 600
[2025-09-25 11:29:45] lightSensor: 532
[2025-09-25 11:29:45] lightSensor: 502
[2025-09-25 11:29:45] lightSensor: 459
[2025-09-25 11:29:46] threshold: 938
[2025-09-25 11:29:46] threshold: 760
[2025-09-25 11:29:46] threshold: 552
[2025-09-25 11:29:46] threshold: 314
[2025-09-25 11:29:47] threshold: 7
[2025-09-25 11:29:47] LightStatus: TurnOff
[2025-09-25 11:29:48] lightSensor: 561
[2025-09-25 11:29:48] lightSensor: 822
[2025-09-25 11:29:51] lightSensor: 891
[2025-09-25 11:29:51] lightSensor: 1226
[2025-09-25 11:29:51] lightSensor: 1918
[2025-09-25 11:29:51] lightSensor: 1961
[2025-09-25 11:29:51] lightSensor: 1978
[2025-09-25 11:29:52] lightSensor: 2009
[2025-09-25 11:29:52] lightSensor: 2017
[2025-09-25 11:30:18] lightSensor: 1984
[2025-09-25 11:30:26] lightSensor: 2015
[2025-09-25 11:30:26] lightSensor: 2015
[2025-09-25 11:30:38] lightSensor: 1981
[2025-09-25 11:30:38] lightSensor: 1780
[2025-09-25 11:30:38] lightSensor: 1648
[2025-09-25 11:30:38] lightSensor: 1449
[2025-09-25 11:30:38] lightSensor: 1368
[2025-09-25 11:30:38] lightSensor: 1228
[2025-09-25 11:30:38] lightSensor: 1053
[2025-09-25 11:30:38] lightSensor: 1007
[2025-09-25 11:30:38] lightSensor: 975
[2025-09-25 11:30:38] lightSensor: 903
[2025-09-25 11:30:38] lightSensor: 884
[2025-09-25 11:30:39] lightSensor: 840
[2025-09-25 11:30:40] lightSensor: 776
[2025-09-25 11:30:40] lightSensor: 810
[2025-09-25 11:30:40] lightSensor: 852
[2025-09-25 11:30:40] lightSensor: 942
[2025-09-25 11:30:40] lightSensor: 1146
[2025-09-25 11:30:40] lightSensor: 1248
[2025-09-25 11:30:41] lightSensor: 1504
[2025-09-25 11:30:41] lightSensor: 1930
[2025-09-25 11:30:41] lightSensor: 1966
[2025-09-25 11:30:41] lightSensor: 1972
[2025-09-25 11:30:43] lightSensor: 2003
[2025-09-25 11:30:44] lightSensor: 1352
[2025-09-25 11:30:44] lightSensor: 775
[2025-09-25 11:30:44] lightSensor: 663
[2025-09-25 11:30:44] lightSensor: 619
[2025-09-25 11:30:44] lightSensor: 508
[2025-09-25 11:30:44] lightSensor: 469
[2025-09-25 11:30:44] lightSensor: 406
[2025-09-25 11:30:44] lightSensor: 1791
[2025-09-25 11:30:44] lightSensor: 1906
[2025-09-25 11:30:44] lightSensor: 1914
[2025-09-25 11:30:45] lightSensor: 1860
[2025-09-25 11:30:45] lightSensor: 1817
[2025-09-25 11:30:45] lightSensor: 1743
[2025-09-25 11:30:45] lightSensor: 1685
[2025-09-25 11:30:45] lightSensor: 1667
[2025-09-25 11:30:46] lightSensor: 1719
[2025-09-25 11:30:46] lightSensor: 1756
[2025-09-25 11:30:46] lightSensor: 1710
[2025-09-25 11:30:47] lightSensor: 1672
[2025-09-25 11:30:47] lightSensor: 1619
[2025-09-25 11:30:47] lightSensor: 1588
[2025-09-25 11:30:47] lightSensor: 1568
[2025-09-25 11:30:48] threshold: 183
[2025-09-25 11:30:48] threshold: 346
[2025-09-25 11:30:48] threshold: 611
[2025-09-25 11:30:48] threshold: 678
[2025-09-25 11:30:48] threshold: 1034
[2025-09-25 11:30:48] threshold: 1118
[2025-09-25 11:30:48] lightSensor: 1535
[2025-09-25 11:30:48] threshold: 1124
[2025-09-25 11:30:48] threshold: 1160
[2025-09-25 11:30:48] threshold: 1191
[2025-09-25 11:30:48] threshold: 1236
[2025-09-25 11:30:49] lightSensor: 1569
[2025-09-25 11:30:49] threshold: 1317
[2025-09-25 11:30:49] lightSensor: 1652
[2025-09-25 11:30:49] threshold: 1355
[2025-09-25 11:30:49] lightSensor: 1686
[2025-09-25 11:30:49] threshold: 1416
[2025-09-25 11:30:49] threshold: 1508
[2025-09-25 11:30:49] threshold: 1539
[2025-09-25 11:30:49] threshold: 1627
[2025-09-25 11:30:49] threshold: 1665
[2025-09-25 11:30:49] threshold: 1772
[2025-09-25 11:30:49] lightSensor: 1726
[2025-09-25 11:30:49] threshold: 1928
[2025-09-25 11:30:49] LightStatus: TurnOn
[2025-09-25 11:30:49] threshold: 2092
[2025-09-25 11:30:50] lightSensor: 1763
[2025-09-25 11:30:50] threshold: 2152
[2025-09-25 11:30:50] threshold: 2208
[2025-09-25 11:30:50] threshold: 2259
[2025-09-25 11:30:50] lightSensor: 1826
[2025-09-25 11:30:50] lightSensor: 1879
[2025-09-25 11:30:50] lightSensor: 1940
[2025-09-25 11:30:50] lightSensor: 1954
[2025-09-25 11:30:51] lightSensor: 1806
[2025-09-25 11:30:51] lightSensor: 1773
[2025-09-25 11:30:52] threshold: 2209
[2025-09-25 11:30:52] threshold: 1961
[2025-09-25 11:30:53] threshold: 1635
[2025-09-25 11:30:53] threshold: 1369
[2025-09-25 11:30:53] LightStatus: TurnOff
[2025-09-25 11:30:53] threshold: 1192
[2025-09-25 11:30:53] threshold: 1127
[2025-09-25 11:30:53] threshold: 1131
[2025-09-25 11:30:53] lightSensor: 1966
[2025-09-25 11:30:55] lightSensor: 1833
[2025-09-25 11:30:55] lightSensor: 1680
[2025-09-25 11:30:55] lightSensor: 1495
[2025-09-25 11:30:55] lightSensor: 1438
[2025-09-25 11:30:55] lightSensor: 1277
[2025-09-25 11:30:55] lightSensor: 1176
[2025-09-25 11:30:55] lightSensor: 1261
[2025-09-25 11:30:55] lightSensor: 1642
[2025-09-25 11:30:56] lightSensor: 1810
[2025-09-25 11:30:56] lightSensor: 1851
[2025-09-25 11:30:56] lightSensor: 1904
[2025-09-25 11:30:56] lightSensor: 1968
[2025-09-25 11:30:56] lightSensor: 1971
[2025-09-25 11:30:56] lightSensor: 1814
[2025-09-25 11:30:56] lightSensor: 1463
[2025-09-25 11:30:56] lightSensor: 1212
[2025-09-25 11:30:57] lightSensor: 1176
[2025-09-25 11:30:57] lightSensor: 1122
[2025-09-25 11:30:57] LightStatus: TurnOn
[2025-09-25 11:30:57] lightSensor: 1984
[2025-09-25 11:30:57] lightSensor: 657
[2025-09-25 11:30:57] LightStatus: TurnOff
[2025-09-25 11:30:57] LightStatus: TurnOn
[2025-09-25 11:30:57] lightSensor: 431
[2025-09-25 11:30:57] lightSensor: 376
[2025-09-25 11:30:58] lightSensor: 921
[2025-09-25 11:30:57] lightSensor: 1888
[2025-09-25 11:30:57] LightStatus: TurnOff
[2025-09-25 11:30:57] lightSensor: 2005
[2025-09-25 11:30:57] lightSensor: 2004
[2025-09-25 11:30:58] lightSensor: 1922
[2025-09-25 11:30:58] lightSensor: 1983
[2025-09-25 11:30:58] lightSensor: 1834
[2025-09-25 11:30:58] lightSensor: 1660
[2025-09-25 11:30:58] lightSensor: 1504
[2025-09-25 11:30:58] lightSensor: 1429
[2025-09-25 11:30:58] lightSensor: 1397
[2025-09-25 11:30:58] lightSensor: 1277
[2025-09-25 11:30:58] lightSensor: 1241
[2025-09-25 11:30:58] lightSensor: 1170
[2025-09-25 11:30:59] lightSensor: 1035
[2025-09-25 11:30:59] LightStatus: TurnOn
[2025-09-25 11:30:59] lightSensor: 889
[2025-09-25 11:30:59] lightSensor: 817
[2025-09-25 11:30:59] lightSensor: 839
[2025-09-25 11:30:59] lightSensor: 1261
[2025-09-25 11:30:59] LightStatus: TurnOff
[2025-09-25 11:30:59] lightSensor: 1850
[2025-09-25 11:30:59] lightSensor: 1840
[2025-09-25 11:30:59] lightSensor: 1879
[2025-09-25 11:30:59] lightSensor: 1936
[2025-09-25 11:30:59] lightSensor: 1623
[2025-09-25 11:31:00] lightSensor: 756
[2025-09-25 11:31:00] lightSensor: 652
[2025-09-25 11:31:00] LightStatus: TurnOn
[2025-09-25 11:31:00] lightSensor: 586
[2025-09-25 11:31:00] lightSensor: 371
[2025-09-25 11:31:00] lightSensor: 325
[2025-09-25 11:31:00] lightSensor: 299
[2025-09-25 11:31:00] lightSensor: 339
[2025-09-25 11:31:00] lightSensor: 1690
[2025-09-25 11:31:00] LightStatus: TurnOff
[2025-09-25 11:31:01] lightSensor: 1937
[2025-09-25 11:31:01] lightSensor: 1986
[2025-09-25 11:31:01] lightSensor: 2023
[2025-09-25 11:32:22] lightSensor: 2056
[2025-09-25 11:32:44] lightSensor: 2023
[2025-09-25 11:32:56] lightSensor: 2056
[2025-09-25 11:33:09] Status/RaspberryPiC: offline
[2025-09-25 11:33:12] Status/RaspberryPiA: offline
